mode: set
barbarianprince/game/actions.go:7.61,8.11 1 0
barbarianprince/game/actions.go:9.18,12.20 3 0
barbarianprince/game/actions.go:14.22,15.23 1 0
barbarianprince/game/actions.go:17.27,18.28 1 0
barbarianprince/game/actions.go:20.21,22.20 2 0
barbarianprince/game/actions.go:24.26,25.27 1 0
barbarianprince/game/actions.go:27.28,28.29 1 0
barbarianprince/game/actions.go:30.25,31.26 1 0
barbarianprince/game/actions.go:33.25,34.26 1 0
barbarianprince/game/actions.go:36.2,36.19 1 0
barbarianprince/game/actions.go:39.48,41.39 2 0
barbarianprince/game/actions.go:41.39,43.3 1 0
barbarianprince/game/actions.go:45.2,53.19 8 0
barbarianprince/game/actions.go:56.53,58.39 2 0
barbarianprince/game/actions.go:58.39,60.3 1 0
barbarianprince/game/actions.go:62.2,70.19 8 0
barbarianprince/game/actions.go:73.52,75.82 2 0
barbarianprince/game/actions.go:75.82,77.3 1 0
barbarianprince/game/actions.go:79.2,79.44 1 0
barbarianprince/game/actions.go:79.44,81.3 1 0
barbarianprince/game/actions.go:83.2,87.73 3 0
barbarianprince/game/actions.go:87.73,89.3 1 0
barbarianprince/game/actions.go:91.2,97.19 6 0
barbarianprince/game/actions.go:100.54,102.49 2 0
barbarianprince/game/actions.go:102.49,104.3 1 0
barbarianprince/game/actions.go:107.2,108.23 2 0
barbarianprince/game/actions.go:108.23,110.3 1 0
barbarianprince/game/actions.go:111.2,121.19 9 0
barbarianprince/game/actions.go:124.51,126.48 2 0
barbarianprince/game/actions.go:126.48,128.3 1 0
barbarianprince/game/actions.go:130.2,131.20 2 0
barbarianprince/game/actions.go:131.20,133.3 1 0
barbarianprince/game/actions.go:135.2,137.59 2 0
barbarianprince/game/actions.go:137.59,139.15 2 0
barbarianprince/game/actions.go:139.15,141.4 1 0
barbarianprince/game/actions.go:144.2,152.19 8 0
barbarianprince/game/actions.go:155.51,157.44 2 0
barbarianprince/game/actions.go:157.44,159.3 1 0
barbarianprince/game/actions.go:162.2,162.33 1 0
barbarianprince/game/actions.go:162.33,163.53 1 0
barbarianprince/game/actions.go:163.53,168.4 4 0
barbarianprince/game/actions.go:171.2,171.73 1 0
barbarianprince/game/actions.go:175.53,177.23 2 0
barbarianprince/game/actions.go:177.23,179.3 1 0
barbarianprince/game/actions.go:181.2,181.19 1 0
barbarianprince/game/actions.go:181.19,183.3 1 0
barbarianprince/game/actions.go:184.2,184.15 1 0
barbarianprince/game/actions.go:184.15,186.3 1 0
barbarianprince/game/actions.go:188.2,194.73 4 0
barbarianprince/game/character.go:78.44,80.2 1 1
barbarianprince/game/character.go:83.36,85.2 1 1
barbarianprince/game/character.go:88.35,90.2 1 1
barbarianprince/game/character.go:93.42,95.2 1 0
barbarianprince/game/character.go:98.48,103.12 4 1
barbarianprince/game/character.go:103.12,105.3 1 1
barbarianprince/game/character.go:106.2,106.11 1 1
barbarianprince/game/character.go:110.58,111.36 1 1
barbarianprince/game/character.go:111.36,112.15 1 1
barbarianprince/game/character.go:112.15,114.4 1 0
barbarianprince/game/character.go:116.2,116.14 1 1
barbarianprince/game/character.go:120.53,122.2 1 1
barbarianprince/game/character.go:125.61,126.36 1 0
barbarianprince/game/character.go:126.36,127.15 1 0
barbarianprince/game/character.go:127.15,130.4 2 0
barbarianprince/game/character.go:132.2,132.14 1 0
barbarianprince/game/character.go:136.28,146.2 1 1
barbarianprince/game/character.go:156.46,157.11 1 1
barbarianprince/game/character.go:158.21,159.22 1 0
barbarianprince/game/character.go:160.26,161.28 1 0
barbarianprince/game/character.go:162.25,163.27 1 0
barbarianprince/game/character.go:164.25,165.27 1 0
barbarianprince/game/character.go:166.22,167.23 1 1
barbarianprince/game/character.go:168.26,169.26 1 0
barbarianprince/game/character.go:170.19,171.19 1 0
barbarianprince/game/character.go:172.26,173.27 1 0
barbarianprince/game/character.go:174.25,175.26 1 0
barbarianprince/game/character.go:176.22,177.23 1 0
barbarianprince/game/character.go:178.22,179.23 1 0
barbarianprince/game/character.go:180.26,181.27 1 0
barbarianprince/game/character.go:182.15,183.23 1 0
barbarianprince/game/character.go:184.16,185.16 1 0
barbarianprince/game/character.go:186.23,187.24 1 0
barbarianprince/game/character.go:189.2,189.23 1 0
barbarianprince/game/combat.go:18.136,22.25 3 1
barbarianprince/game/combat.go:22.25,25.3 2 1
barbarianprince/game/combat.go:27.2,27.57 1 1
barbarianprince/game/combat.go:27.57,37.3 6 1
barbarianprince/game/combat.go:40.2,44.23 3 1
barbarianprince/game/combat.go:44.23,45.24 1 1
barbarianprince/game/combat.go:45.24,52.4 6 1
barbarianprince/game/combat.go:52.9,55.4 1 1
barbarianprince/game/combat.go:56.3,57.9 2 1
barbarianprince/game/combat.go:60.2,64.24 3 1
barbarianprince/game/combat.go:64.24,67.3 2 0
barbarianprince/game/combat.go:67.8,70.3 2 1
barbarianprince/game/combat.go:72.2,75.24 3 1
barbarianprince/game/combat.go:75.24,76.25 1 0
barbarianprince/game/combat.go:76.25,83.4 6 0
barbarianprince/game/combat.go:83.9,85.4 1 0
barbarianprince/game/combat.go:86.3,87.9 2 0
barbarianprince/game/combat.go:92.2,92.20 1 1
barbarianprince/game/combat.go:92.20,98.3 5 0
barbarianprince/game/combat.go:100.2,100.33 1 1
barbarianprince/game/combat.go:105.65,107.15 2 1
barbarianprince/game/combat.go:107.15,109.3 1 1
barbarianprince/game/combat.go:111.2,115.97 5 1
barbarianprince/game/combat.go:120.46,122.22 2 1
barbarianprince/game/combat.go:123.22,124.14 1 0
barbarianprince/game/combat.go:125.21,126.15 1 0
barbarianprince/game/combat.go:127.23,129.15 1 0
barbarianprince/game/combat.go:130.10,132.19 1 1
barbarianprince/game/combat.go:137.70,145.2 1 1
barbarianprince/game/dice.go:6.20,8.2 1 1
barbarianprince/game/dice.go:11.20,13.2 1 1
barbarianprince/game/dice.go:16.20,18.2 1 1
barbarianprince/game/economy.go:10.48,13.39 3 1
barbarianprince/game/economy.go:13.39,15.3 1 1
barbarianprince/game/economy.go:16.2,17.19 2 1
barbarianprince/game/economy.go:17.19,19.22 2 1
barbarianprince/game/economy.go:19.22,21.4 1 1
barbarianprince/game/economy.go:22.3,24.80 3 1
barbarianprince/game/economy.go:26.2,29.13 4 1
barbarianprince/game/economy.go:34.48,37.16 3 1
barbarianprince/game/economy.go:37.16,39.3 1 0
barbarianprince/game/economy.go:42.2,42.60 1 1
barbarianprince/game/economy.go:42.60,44.3 1 1
barbarianprince/game/economy.go:47.2,51.19 4 1
barbarianprince/game/economy.go:51.19,55.3 3 1
barbarianprince/game/economy.go:55.8,57.3 1 0
barbarianprince/game/economy.go:58.2,58.21 1 1
barbarianprince/game/economy.go:62.37,64.2 1 1
barbarianprince/game/economy.go:67.40,69.39 2 0
barbarianprince/game/economy.go:69.39,71.3 1 0
barbarianprince/game/economy.go:72.2,73.20 2 0
barbarianprince/game/economy.go:73.20,76.3 2 0
barbarianprince/game/economy.go:78.2,78.71 1 0
barbarianprince/game/economy.go:82.38,88.41 4 1
barbarianprince/game/economy.go:88.41,91.3 2 1
barbarianprince/game/economy.go:93.2,93.60 1 1
barbarianprince/game/economy.go:93.60,96.3 2 0
barbarianprince/game/economy.go:99.2,99.25 1 1
barbarianprince/game/economy.go:99.25,100.44 1 0
barbarianprince/game/economy.go:100.44,102.4 1 0
barbarianprince/game/economy.go:105.2,105.13 1 1
barbarianprince/game/events.go:31.13,37.2 5 1
barbarianprince/game/events.go:40.54,42.2 1 1
barbarianprince/game/events.go:45.76,47.9 2 1
barbarianprince/game/events.go:47.9,52.3 1 0
barbarianprince/game/events.go:53.2,53.24 1 1
barbarianprince/game/events.go:57.64,59.2 1 0
barbarianprince/game/events.go:62.57,63.28 1 0
barbarianprince/game/events.go:63.28,65.28 2 0
barbarianprince/game/events.go:65.28,67.4 1 0
barbarianprince/game/events.go:67.9,69.4 1 0
barbarianprince/game/events.go:71.2,71.28 1 0
barbarianprince/game/events.go:71.28,73.28 2 0
barbarianprince/game/events.go:73.28,75.4 1 0
barbarianprince/game/events.go:75.9,77.4 1 0
barbarianprince/game/events.go:79.2,79.31 1 0
barbarianprince/game/events.go:79.31,82.3 2 0
barbarianprince/game/events_e001.go:5.27,7.73 1 1
barbarianprince/game/events_e001.go:7.73,9.3 1 0
barbarianprince/game/events_e001.go:12.2,12.73 1 1
barbarianprince/game/events_e001.go:12.73,15.3 1 0
barbarianprince/game/events_e001.go:18.2,18.73 1 1
barbarianprince/game/events_e001.go:18.73,20.16 2 1
barbarianprince/game/events_e001.go:20.16,29.4 2 1
barbarianprince/game/events_e001.go:29.9,29.23 1 0
barbarianprince/game/events_e001.go:29.23,44.4 2 0
barbarianprince/game/events_e001.go:44.9,51.4 2 0
barbarianprince/game/events_e001.go:55.2,55.73 1 1
barbarianprince/game/events_e001.go:55.73,58.21 3 0
barbarianprince/game/events_e001.go:58.21,67.4 2 0
barbarianprince/game/events_e001.go:69.3,81.4 2 0
barbarianprince/game/events_e001.go:85.2,85.73 1 1
barbarianprince/game/events_e001.go:85.73,87.16 2 1
barbarianprince/game/events_e001.go:87.16,95.4 2 0
barbarianprince/game/events_e001.go:95.9,95.23 1 1
barbarianprince/game/events_e001.go:95.23,110.4 2 0
barbarianprince/game/events_e001.go:111.3,113.4 1 1
barbarianprince/game/events_e001.go:117.2,117.73 1 1
barbarianprince/game/events_e001.go:117.73,119.16 2 0
barbarianprince/game/events_e001.go:119.16,134.4 2 0
barbarianprince/game/events_e001.go:135.3,139.4 2 0
barbarianprince/game/events_e001.go:143.2,143.73 1 1
barbarianprince/game/events_e001.go:143.73,145.16 2 0
barbarianprince/game/events_e001.go:145.16,161.4 2 0
barbarianprince/game/events_e001.go:163.3,165.4 1 0
barbarianprince/game/events_e001.go:169.2,169.73 1 1
barbarianprince/game/events_e001.go:169.73,185.3 2 0
barbarianprince/game/events_e001.go:188.2,188.73 1 1
barbarianprince/game/events_e001.go:188.73,195.3 2 1
barbarianprince/game/events_e001.go:198.2,198.73 1 1
barbarianprince/game/events_e001.go:198.73,202.62 1 0
barbarianprince/game/events_e001.go:202.62,203.35 1 0
barbarianprince/game/events_e001.go:203.35,205.29 2 0
barbarianprince/game/events_e001.go:205.29,207.7 1 0
barbarianprince/game/events_e001.go:208.6,208.99 1 0
barbarianprince/game/events_e001.go:210.5,210.76 1 0
barbarianprince/game/events_e001.go:216.2,216.73 1 1
barbarianprince/game/events_e001.go:216.73,218.16 2 0
barbarianprince/game/events_e001.go:218.16,227.4 2 0
barbarianprince/game/events_e001.go:228.3,232.4 2 0
barbarianprince/game/events_e001.go:236.2,236.73 1 1
barbarianprince/game/events_e001.go:236.73,240.62 1 0
barbarianprince/game/events_e001.go:240.62,241.20 1 0
barbarianprince/game/events_e001.go:241.20,245.6 3 0
barbarianprince/game/events_e001.go:246.5,246.84 1 0
barbarianprince/game/events_e001.go:252.2,252.73 1 1
barbarianprince/game/events_e001.go:252.73,256.62 1 0
barbarianprince/game/events_e001.go:256.62,257.35 1 0
barbarianprince/game/events_e001.go:257.35,260.24 2 0
barbarianprince/game/events_e001.go:260.24,262.7 1 0
barbarianprince/game/events_e001.go:263.6,263.88 1 0
barbarianprince/game/events_e001.go:265.5,265.69 1 0
barbarianprince/game/events_e001.go:271.2,271.73 1 1
barbarianprince/game/events_e001.go:271.73,277.3 2 0
barbarianprince/game/events_e001.go:280.2,280.73 1 1
barbarianprince/game/events_e001.go:280.73,284.62 1 0
barbarianprince/game/events_e001.go:284.62,285.20 1 0
barbarianprince/game/events_e001.go:285.20,289.6 3 0
barbarianprince/game/events_e001.go:290.5,290.94 1 0
barbarianprince/game/events_e001.go:296.2,296.73 1 1
barbarianprince/game/events_e001.go:296.73,300.62 1 0
barbarianprince/game/events_e001.go:300.62,301.19 1 0
barbarianprince/game/events_e001.go:302.12,303.22 1 0
barbarianprince/game/events_e001.go:303.22,306.7 2 0
barbarianprince/game/events_e001.go:307.6,307.89 1 0
barbarianprince/game/events_e001.go:308.12,309.42 1 0
barbarianprince/game/events_e001.go:309.42,311.7 1 0
barbarianprince/game/events_e001.go:312.6,317.7 2 0
barbarianprince/game/events_e001.go:318.13,319.24 1 0
barbarianprince/game/events_e001.go:319.24,321.7 1 0
barbarianprince/game/events_e001.go:322.6,327.7 2 0
barbarianprince/game/events_e001.go:334.2,334.73 1 1
barbarianprince/game/events_e001.go:334.73,343.3 2 1
barbarianprince/game/events_e001.go:346.2,346.73 1 1
barbarianprince/game/events_e001.go:346.73,348.16 2 0
barbarianprince/game/events_e001.go:348.16,352.27 3 0
barbarianprince/game/events_e001.go:352.27,354.5 1 0
barbarianprince/game/events_e001.go:355.4,357.5 1 0
barbarianprince/game/events_e001.go:359.3,372.4 2 0
barbarianprince/game/events_e001.go:376.2,376.73 1 1
barbarianprince/game/events_e001.go:376.73,382.3 2 0
barbarianprince/game/events_e001.go:384.2,384.73 1 1
barbarianprince/game/events_e001.go:384.73,390.3 2 0
barbarianprince/game/events_e001.go:392.2,392.73 1 1
barbarianprince/game/events_e001.go:392.73,397.3 1 0
barbarianprince/game/events_e001.go:399.2,399.73 1 1
barbarianprince/game/events_e001.go:399.73,408.3 3 1
barbarianprince/game/events_e001.go:410.2,410.73 1 1
barbarianprince/game/events_e001.go:410.73,412.16 2 0
barbarianprince/game/events_e001.go:412.16,420.4 2 0
barbarianprince/game/events_e001.go:421.3,425.4 2 0
barbarianprince/game/events_e001.go:428.2,428.73 1 1
barbarianprince/game/events_e001.go:428.73,432.62 1 0
barbarianprince/game/events_e001.go:432.62,433.36 1 0
barbarianprince/game/events_e001.go:433.36,437.6 2 0
barbarianprince/game/events_e001.go:438.5,438.71 1 0
barbarianprince/game/events_e001.go:444.2,444.73 1 1
barbarianprince/game/events_e001.go:444.73,450.3 2 0
barbarianprince/game/events_e001.go:452.2,452.73 1 1
barbarianprince/game/events_e001.go:452.73,456.3 1 0
barbarianprince/game/events_e001.go:458.2,458.73 1 1
barbarianprince/game/events_e001.go:458.73,464.3 2 0
barbarianprince/game/events_e001.go:466.2,466.73 1 1
barbarianprince/game/events_e001.go:466.73,472.3 2 0
barbarianprince/game/events_e001.go:474.2,474.73 1 1
barbarianprince/game/events_e001.go:474.73,482.3 3 0
barbarianprince/game/events_e001.go:484.2,484.73 1 1
barbarianprince/game/events_e001.go:484.73,489.3 1 0
barbarianprince/game/events_e001.go:492.2,492.73 1 1
barbarianprince/game/events_e001.go:492.73,494.3 1 0
barbarianprince/game/events_e001.go:495.2,495.73 1 1
barbarianprince/game/events_e001.go:495.73,498.3 1 0
barbarianprince/game/events_e001.go:499.2,499.73 1 1
barbarianprince/game/events_e001.go:499.73,503.3 2 0
barbarianprince/game/events_e001.go:504.2,504.73 1 1
barbarianprince/game/events_e001.go:504.73,506.3 1 0
barbarianprince/game/events_e001.go:509.2,509.73 1 1
barbarianprince/game/events_e001.go:509.73,515.3 2 0
barbarianprince/game/events_e001.go:518.2,518.73 1 1
barbarianprince/game/events_e001.go:518.73,527.3 2 0
barbarianprince/game/events_e051.go:5.27,7.73 1 1
barbarianprince/game/events_e051.go:7.73,17.3 4 1
barbarianprince/game/events_e051.go:20.2,20.73 1 1
barbarianprince/game/events_e051.go:20.73,21.21 1 0
barbarianprince/game/events_e051.go:21.21,29.4 2 0
barbarianprince/game/events_e051.go:30.3,30.98 1 0
barbarianprince/game/events_e051.go:34.2,34.73 1 1
barbarianprince/game/events_e051.go:34.73,43.3 3 0
barbarianprince/game/events_e051.go:46.2,46.73 1 1
barbarianprince/game/events_e051.go:46.73,50.3 1 0
barbarianprince/game/events_e051.go:53.2,53.73 1 1
barbarianprince/game/events_e051.go:53.73,54.21 1 0
barbarianprince/game/events_e051.go:54.21,62.4 2 0
barbarianprince/game/events_e051.go:63.3,67.4 2 0
barbarianprince/game/events_e051.go:71.2,71.73 1 1
barbarianprince/game/events_e051.go:71.73,79.3 2 0
barbarianprince/game/events_e051.go:82.2,82.73 1 1
barbarianprince/game/events_e051.go:82.73,90.3 2 1
barbarianprince/game/events_e051.go:93.2,93.73 1 1
barbarianprince/game/events_e051.go:93.73,99.3 2 0
barbarianprince/game/events_e051.go:102.2,102.73 1 1
barbarianprince/game/events_e051.go:102.73,106.62 1 0
barbarianprince/game/events_e051.go:106.62,107.20 1 0
barbarianprince/game/events_e051.go:107.20,109.24 2 0
barbarianprince/game/events_e051.go:109.24,117.7 2 0
barbarianprince/game/events_e051.go:118.6,121.7 1 0
barbarianprince/game/events_e051.go:123.5,123.82 1 0
barbarianprince/game/events_e051.go:129.2,129.73 1 1
barbarianprince/game/events_e051.go:129.73,133.62 1 0
barbarianprince/game/events_e051.go:133.62,134.19 1 0
barbarianprince/game/events_e051.go:135.12,136.22 1 0
barbarianprince/game/events_e051.go:136.22,139.7 2 0
barbarianprince/game/events_e051.go:140.6,141.23 1 0
barbarianprince/game/events_e051.go:142.12,148.7 2 0
barbarianprince/game/events_e051.go:149.13,153.111 3 0
barbarianprince/game/events_e051.go:160.2,160.73 1 1
barbarianprince/game/events_e051.go:160.73,163.30 3 0
barbarianprince/game/events_e051.go:163.30,173.4 1 0
barbarianprince/game/events_e051.go:174.3,178.16 2 0
barbarianprince/game/events_e051.go:178.16,180.4 1 0
barbarianprince/game/events_e051.go:181.3,181.16 1 0
barbarianprince/game/events_e051.go:185.2,185.73 1 1
barbarianprince/game/events_e051.go:185.73,191.3 2 0
barbarianprince/game/events_e051.go:194.2,194.73 1 1
barbarianprince/game/events_e051.go:194.73,198.62 1 0
barbarianprince/game/events_e051.go:198.62,199.40 1 0
barbarianprince/game/events_e051.go:199.40,204.6 4 0
barbarianprince/game/events_e051.go:205.5,205.82 1 0
barbarianprince/game/events_e051.go:211.2,211.73 1 1
barbarianprince/game/events_e051.go:211.73,216.3 1 0
barbarianprince/game/events_e051.go:219.2,219.73 1 1
barbarianprince/game/events_e051.go:219.73,224.3 1 0
barbarianprince/game/events_e051.go:227.2,227.73 1 1
barbarianprince/game/events_e051.go:227.73,232.62 1 0
barbarianprince/game/events_e051.go:232.62,233.20 1 0
barbarianprince/game/events_e051.go:233.20,235.24 2 0
barbarianprince/game/events_e051.go:235.24,243.7 2 0
barbarianprince/game/events_e051.go:244.6,247.7 1 0
barbarianprince/game/events_e051.go:249.5,249.79 1 0
barbarianprince/game/events_e051.go:255.2,255.73 1 1
barbarianprince/game/events_e051.go:255.73,259.3 1 0
barbarianprince/game/events_e051.go:262.2,262.73 1 1
barbarianprince/game/events_e051.go:262.73,263.48 1 0
barbarianprince/game/events_e051.go:263.48,265.4 1 0
barbarianprince/game/events_e051.go:266.3,270.62 1 0
barbarianprince/game/events_e051.go:270.62,272.20 2 0
barbarianprince/game/events_e051.go:272.20,274.19 2 0
barbarianprince/game/events_e051.go:274.19,281.7 2 0
barbarianprince/game/events_e051.go:281.12,281.26 1 0
barbarianprince/game/events_e051.go:281.26,287.7 2 0
barbarianprince/game/events_e051.go:288.6,291.60 1 0
barbarianprince/game/events_e051.go:291.60,292.34 1 0
barbarianprince/game/events_e051.go:292.34,296.9 3 0
barbarianprince/game/events_e051.go:297.8,297.81 1 0
barbarianprince/game/events_e051.go:301.5,301.79 1 0
barbarianprince/game/events_e051.go:307.2,307.73 1 1
barbarianprince/game/events_e051.go:307.73,309.21 2 0
barbarianprince/game/events_e051.go:309.21,317.4 2 0
barbarianprince/game/events_e051.go:318.3,321.4 1 0
barbarianprince/game/events_e051.go:325.2,325.73 1 1
barbarianprince/game/events_e051.go:325.73,326.21 1 0
barbarianprince/game/events_e051.go:326.21,334.4 2 0
barbarianprince/game/events_e051.go:335.3,335.93 1 0
barbarianprince/game/events_e051.go:339.2,339.73 1 1
barbarianprince/game/events_e051.go:339.73,345.3 2 0
barbarianprince/game/events_e051.go:348.2,348.73 1 1
barbarianprince/game/events_e051.go:348.73,349.53 1 0
barbarianprince/game/events_e051.go:349.53,355.4 2 0
barbarianprince/game/events_e051.go:356.3,356.71 1 0
barbarianprince/game/events_e051.go:360.2,360.73 1 1
barbarianprince/game/events_e051.go:360.73,375.3 2 0
barbarianprince/game/events_e051.go:378.2,378.73 1 1
barbarianprince/game/events_e051.go:378.73,387.3 3 1
barbarianprince/game/events_e051.go:390.2,390.73 1 1
barbarianprince/game/events_e051.go:390.73,399.3 3 1
barbarianprince/game/events_e051.go:402.2,402.73 1 1
barbarianprince/game/events_e051.go:402.73,403.21 1 0
barbarianprince/game/events_e051.go:403.21,411.4 2 0
barbarianprince/game/events_e051.go:412.3,412.99 1 0
barbarianprince/game/events_e051.go:416.2,416.73 1 1
barbarianprince/game/events_e051.go:416.73,417.21 1 0
barbarianprince/game/events_e051.go:417.21,425.4 2 0
barbarianprince/game/events_e051.go:426.3,426.95 1 0
barbarianprince/game/events_e051.go:430.2,430.73 1 1
barbarianprince/game/events_e051.go:430.73,436.3 1 1
barbarianprince/game/events_e051.go:439.2,439.73 1 1
barbarianprince/game/events_e051.go:439.73,445.3 1 0
barbarianprince/game/events_e051.go:448.2,448.73 1 1
barbarianprince/game/events_e051.go:448.73,450.16 2 0
barbarianprince/game/events_e051.go:450.16,455.4 1 0
barbarianprince/game/events_e051.go:456.3,456.16 1 0
barbarianprince/game/events_e051.go:456.16,462.4 2 0
barbarianprince/game/events_e051.go:464.3,465.26 2 0
barbarianprince/game/events_e051.go:465.26,467.4 1 0
barbarianprince/game/events_e051.go:468.3,468.107 1 0
barbarianprince/game/events_e051.go:472.2,472.73 1 1
barbarianprince/game/events_e051.go:472.73,476.62 1 0
barbarianprince/game/events_e051.go:476.62,477.20 1 0
barbarianprince/game/events_e051.go:477.20,478.24 1 0
barbarianprince/game/events_e051.go:478.24,484.7 2 0
barbarianprince/game/events_e051.go:485.6,486.93 2 0
barbarianprince/game/events_e051.go:488.5,488.77 1 0
barbarianprince/game/events_e051.go:494.2,494.73 1 1
barbarianprince/game/events_e051.go:494.73,498.62 1 0
barbarianprince/game/events_e051.go:498.62,499.20 1 0
barbarianprince/game/events_e051.go:499.20,501.13 2 0
barbarianprince/game/events_e051.go:502.21,504.82 2 0
barbarianprince/game/events_e051.go:505.21,508.114 3 0
barbarianprince/game/events_e051.go:509.14,511.88 2 0
barbarianprince/game/events_e051.go:514.5,514.81 1 0
barbarianprince/game/events_e051.go:520.2,520.73 1 1
barbarianprince/game/events_e051.go:520.73,524.62 1 0
barbarianprince/game/events_e051.go:524.62,525.19 1 0
barbarianprince/game/events_e051.go:526.12,527.21 1 0
barbarianprince/game/events_e051.go:527.21,529.25 2 0
barbarianprince/game/events_e051.go:529.25,532.8 2 0
barbarianprince/game/events_e051.go:533.7,533.113 1 0
barbarianprince/game/events_e051.go:535.6,535.95 1 0
barbarianprince/game/events_e051.go:536.12,537.24 1 0
barbarianprince/game/events_e051.go:537.24,539.7 1 0
barbarianprince/game/events_e051.go:540.6,540.80 1 0
barbarianprince/game/events_e051.go:541.13,542.83 1 0
barbarianprince/game/events_e051.go:549.2,549.73 1 1
barbarianprince/game/events_e051.go:549.73,556.3 1 0
barbarianprince/game/events_e051.go:559.2,559.73 1 1
barbarianprince/game/events_e051.go:559.73,560.21 1 0
barbarianprince/game/events_e051.go:560.21,566.4 3 0
barbarianprince/game/events_e051.go:567.3,569.4 1 0
barbarianprince/game/events_e051.go:573.2,573.73 1 1
barbarianprince/game/events_e051.go:573.73,578.3 1 0
barbarianprince/game/events_e051.go:581.2,581.73 1 1
barbarianprince/game/events_e051.go:581.73,586.3 1 0
barbarianprince/game/events_e051.go:589.2,589.73 1 1
barbarianprince/game/events_e051.go:589.73,590.21 1 0
barbarianprince/game/events_e051.go:590.21,596.4 3 0
barbarianprince/game/events_e051.go:597.3,599.4 1 0
barbarianprince/game/events_e051.go:603.2,603.73 1 1
barbarianprince/game/events_e051.go:603.73,609.3 1 0
barbarianprince/game/events_e051.go:612.2,612.73 1 1
barbarianprince/game/events_e051.go:612.73,613.21 1 0
barbarianprince/game/events_e051.go:613.21,618.4 1 0
barbarianprince/game/events_e051.go:619.3,621.4 1 0
barbarianprince/game/events_e051.go:625.2,625.73 1 1
barbarianprince/game/events_e051.go:625.73,626.21 1 0
barbarianprince/game/events_e051.go:626.21,632.4 2 0
barbarianprince/game/events_e051.go:633.3,635.4 1 0
barbarianprince/game/events_e051.go:639.2,639.73 1 1
barbarianprince/game/events_e051.go:639.73,645.3 1 0
barbarianprince/game/events_e051.go:648.2,648.73 1 1
barbarianprince/game/events_e051.go:648.73,656.3 2 0
barbarianprince/game/events_e051.go:659.2,659.73 1 1
barbarianprince/game/events_e051.go:659.73,660.21 1 0
barbarianprince/game/events_e051.go:660.21,668.4 2 0
barbarianprince/game/events_e051.go:669.3,671.4 1 0
barbarianprince/game/events_e051.go:675.2,675.73 1 1
barbarianprince/game/events_e051.go:675.73,679.3 1 0
barbarianprince/game/events_e051.go:682.2,682.73 1 1
barbarianprince/game/events_e051.go:682.73,690.3 2 0
barbarianprince/game/events_e051.go:693.2,693.73 1 1
barbarianprince/game/events_e051.go:693.73,701.21 3 0
barbarianprince/game/events_e051.go:701.21,704.4 2 0
barbarianprince/game/events_e051.go:705.3,705.16 1 0
barbarianprince/game/events_e051.go:709.2,709.73 1 1
barbarianprince/game/events_e051.go:709.73,710.40 1 1
barbarianprince/game/events_e051.go:710.40,712.4 1 0
barbarianprince/game/events_e051.go:713.3,721.4 2 1
barbarianprince/game/events_e051.go:725.2,725.73 1 1
barbarianprince/game/events_e051.go:725.73,733.3 2 0
barbarianprince/game/events_e051.go:736.2,736.73 1 1
barbarianprince/game/events_e051.go:736.73,737.21 1 0
barbarianprince/game/events_e051.go:737.21,742.63 1 0
barbarianprince/game/events_e051.go:742.63,743.21 1 0
barbarianprince/game/events_e051.go:743.21,744.43 1 0
barbarianprince/game/events_e051.go:744.43,748.8 3 0
barbarianprince/game/events_e051.go:749.7,754.8 2 0
barbarianprince/game/events_e051.go:756.6,756.97 1 0
barbarianprince/game/events_e051.go:760.3,766.4 2 0
barbarianprince/game/events_e100.go:5.27,7.73 1 1
barbarianprince/game/events_e100.go:7.73,9.3 1 0
barbarianprince/game/events_e100.go:10.2,10.73 1 1
barbarianprince/game/events_e100.go:10.73,12.3 1 0
barbarianprince/game/events_e100.go:13.2,13.73 1 1
barbarianprince/game/events_e100.go:13.73,15.3 1 0
barbarianprince/game/events_e100.go:16.2,16.73 1 1
barbarianprince/game/events_e100.go:16.73,18.3 1 0
barbarianprince/game/events_e100.go:19.2,19.73 1 1
barbarianprince/game/events_e100.go:19.73,21.3 1 0
barbarianprince/game/events_e100.go:22.2,22.73 1 1
barbarianprince/game/events_e100.go:22.73,28.3 2 0
barbarianprince/game/events_e100.go:29.2,29.73 1 1
barbarianprince/game/events_e100.go:29.73,31.3 1 0
barbarianprince/game/events_e100.go:34.2,34.73 1 1
barbarianprince/game/events_e100.go:34.73,38.62 1 0
barbarianprince/game/events_e100.go:38.62,39.20 1 0
barbarianprince/game/events_e100.go:39.20,40.43 1 0
barbarianprince/game/events_e100.go:40.43,45.7 4 0
barbarianprince/game/events_e100.go:46.6,48.130 3 0
barbarianprince/game/events_e100.go:50.5,50.94 1 0
barbarianprince/game/events_e100.go:56.2,56.73 1 1
barbarianprince/game/events_e100.go:56.73,61.3 2 0
barbarianprince/game/events_e100.go:64.2,64.73 1 1
barbarianprince/game/events_e100.go:64.73,71.3 3 0
barbarianprince/game/events_e100.go:74.2,74.73 1 1
barbarianprince/game/events_e100.go:74.73,84.3 2 1
barbarianprince/game/events_e100.go:87.2,87.73 1 1
barbarianprince/game/events_e100.go:87.73,89.16 2 0
barbarianprince/game/events_e100.go:89.16,94.4 1 0
barbarianprince/game/events_e100.go:95.3,97.4 1 0
barbarianprince/game/events_e100.go:101.2,101.73 1 1
barbarianprince/game/events_e100.go:101.73,108.3 3 1
barbarianprince/game/events_e100.go:110.2,110.73 1 1
barbarianprince/game/events_e100.go:110.73,119.3 3 0
barbarianprince/game/events_e100.go:121.2,121.73 1 1
barbarianprince/game/events_e100.go:121.73,129.23 5 1
barbarianprince/game/events_e100.go:129.23,132.4 2 1
barbarianprince/game/events_e100.go:133.3,133.16 1 1
barbarianprince/game/events_e100.go:136.2,136.73 1 1
barbarianprince/game/events_e100.go:136.73,138.21 2 0
barbarianprince/game/events_e100.go:138.21,143.4 2 0
barbarianprince/game/events_e100.go:144.3,146.4 1 0
barbarianprince/game/events_e100.go:149.2,149.73 1 1
barbarianprince/game/events_e100.go:149.73,161.3 4 0
barbarianprince/game/events_e100.go:163.2,163.73 1 1
barbarianprince/game/events_e100.go:163.73,168.3 2 0
barbarianprince/game/events_e100.go:170.2,170.73 1 1
barbarianprince/game/events_e100.go:170.73,180.3 4 0
barbarianprince/game/events_e100.go:182.2,182.73 1 1
barbarianprince/game/events_e100.go:182.73,185.28 2 0
barbarianprince/game/events_e100.go:185.28,193.4 3 0
barbarianprince/game/events_e100.go:194.3,198.4 2 0
barbarianprince/game/events_e100.go:202.2,202.73 1 1
barbarianprince/game/events_e100.go:202.73,207.3 1 0
barbarianprince/game/events_e100.go:209.2,209.73 1 1
barbarianprince/game/events_e100.go:209.73,214.3 1 0
barbarianprince/game/events_e100.go:216.2,216.73 1 1
barbarianprince/game/events_e100.go:216.73,221.3 1 0
barbarianprince/game/events_e100.go:223.2,223.73 1 1
barbarianprince/game/events_e100.go:223.73,229.3 2 0
barbarianprince/game/events_e100.go:231.2,231.73 1 1
barbarianprince/game/events_e100.go:231.73,236.3 1 0
barbarianprince/game/events_e100.go:239.2,239.73 1 1
barbarianprince/game/events_e100.go:239.73,244.3 2 1
barbarianprince/game/events_e100.go:246.2,246.73 1 1
barbarianprince/game/events_e100.go:246.73,252.3 2 0
barbarianprince/game/events_e100.go:254.2,254.73 1 1
barbarianprince/game/events_e100.go:254.73,260.3 1 0
barbarianprince/game/events_e100.go:262.2,262.73 1 1
barbarianprince/game/events_e100.go:262.73,272.3 3 0
barbarianprince/game/events_e100.go:274.2,274.73 1 1
barbarianprince/game/events_e100.go:274.73,275.31 1 0
barbarianprince/game/events_e100.go:275.31,281.4 2 0
barbarianprince/game/events_e100.go:282.3,286.62 1 0
barbarianprince/game/events_e100.go:286.62,290.5 3 0
barbarianprince/game/events_e100.go:294.2,294.73 1 1
barbarianprince/game/events_e100.go:294.73,310.3 2 0
barbarianprince/game/events_e100.go:313.2,313.73 1 1
barbarianprince/game/events_e100.go:313.73,317.3 1 0
barbarianprince/game/events_e100.go:319.2,319.73 1 1
barbarianprince/game/events_e100.go:319.73,322.62 1 1
barbarianprince/game/events_e100.go:322.62,325.5 2 0
barbarianprince/game/events_e100.go:329.2,329.73 1 1
barbarianprince/game/events_e100.go:329.73,335.3 2 0
barbarianprince/game/events_e100.go:337.2,337.73 1 1
barbarianprince/game/events_e100.go:337.73,338.28 1 0
barbarianprince/game/events_e100.go:338.28,343.4 1 0
barbarianprince/game/events_e100.go:344.3,348.4 2 0
barbarianprince/game/events_e100.go:351.2,351.73 1 1
barbarianprince/game/events_e100.go:351.73,354.62 1 0
barbarianprince/game/events_e100.go:354.62,357.5 2 0
barbarianprince/game/events_e100.go:361.2,361.73 1 1
barbarianprince/game/events_e100.go:361.73,362.68 1 0
barbarianprince/game/events_e100.go:362.68,370.4 3 0
barbarianprince/game/events_e100.go:371.3,375.4 2 0
barbarianprince/game/events_e100.go:378.2,378.73 1 1
barbarianprince/game/events_e100.go:378.73,383.62 1 0
barbarianprince/game/events_e100.go:383.62,384.36 1 0
barbarianprince/game/events_e100.go:384.36,389.6 4 0
barbarianprince/game/events_e100.go:390.5,390.87 1 0
barbarianprince/game/events_e100.go:395.2,395.73 1 1
barbarianprince/game/events_e100.go:395.73,397.74 1 0
barbarianprince/game/events_e100.go:397.74,398.33 1 0
barbarianprince/game/events_e100.go:398.33,403.64 1 0
barbarianprince/game/events_e100.go:403.64,412.7 5 0
barbarianprince/game/events_e100.go:416.3,420.4 2 0
barbarianprince/game/events_e180.go:5.27,7.73 1 1
barbarianprince/game/events_e180.go:7.73,8.49 1 1
barbarianprince/game/events_e180.go:8.49,14.4 2 1
barbarianprince/game/events_e180.go:15.3,19.4 2 0
barbarianprince/game/events_e180.go:23.2,23.73 1 1
barbarianprince/game/events_e180.go:23.73,24.49 1 0
barbarianprince/game/events_e180.go:24.49,30.4 2 0
barbarianprince/game/events_e180.go:31.3,35.4 2 0
barbarianprince/game/events_e180.go:39.2,39.73 1 1
barbarianprince/game/events_e180.go:39.73,40.46 1 0
barbarianprince/game/events_e180.go:40.46,46.4 2 0
barbarianprince/game/events_e180.go:47.3,47.87 1 0
barbarianprince/game/events_e180.go:51.2,51.73 1 1
barbarianprince/game/events_e180.go:51.73,52.50 1 0
barbarianprince/game/events_e180.go:52.50,58.4 2 0
barbarianprince/game/events_e180.go:59.3,59.81 1 0
barbarianprince/game/events_e180.go:63.2,63.73 1 1
barbarianprince/game/events_e180.go:63.73,64.43 1 0
barbarianprince/game/events_e180.go:64.43,70.4 2 0
barbarianprince/game/events_e180.go:71.3,71.96 1 0
barbarianprince/game/events_e180.go:75.2,75.73 1 1
barbarianprince/game/events_e180.go:75.73,76.50 1 0
barbarianprince/game/events_e180.go:76.50,82.4 2 0
barbarianprince/game/events_e180.go:84.3,84.32 1 0
barbarianprince/game/events_e180.go:84.32,87.4 2 0
barbarianprince/game/events_e180.go:88.3,92.4 2 0
barbarianprince/game/events_e180.go:96.2,96.73 1 1
barbarianprince/game/events_e180.go:96.73,97.49 1 0
barbarianprince/game/events_e180.go:97.49,103.4 2 0
barbarianprince/game/events_e180.go:105.3,107.26 3 0
barbarianprince/game/events_e180.go:107.26,109.4 1 0
barbarianprince/game/events_e180.go:110.3,110.126 1 0
barbarianprince/game/events_e180.go:114.2,114.73 1 1
barbarianprince/game/events_e180.go:114.73,115.46 1 0
barbarianprince/game/events_e180.go:115.46,121.4 2 0
barbarianprince/game/events_e180.go:122.3,126.4 2 0
barbarianprince/game/events_e180.go:130.2,130.73 1 1
barbarianprince/game/events_e180.go:130.73,131.46 1 0
barbarianprince/game/events_e180.go:131.46,137.4 2 0
barbarianprince/game/events_e180.go:138.3,138.90 1 0
barbarianprince/game/events_e180.go:142.2,142.73 1 1
barbarianprince/game/events_e180.go:142.73,143.50 1 0
barbarianprince/game/events_e180.go:143.50,151.4 3 0
barbarianprince/game/events_e180.go:152.3,156.4 2 0
barbarianprince/game/events_e180.go:160.2,160.73 1 1
barbarianprince/game/events_e180.go:160.73,161.39 1 0
barbarianprince/game/events_e180.go:161.39,167.4 2 0
barbarianprince/game/events_e180.go:168.3,172.4 2 0
barbarianprince/game/events_e180.go:176.2,176.73 1 1
barbarianprince/game/events_e180.go:176.73,177.40 1 0
barbarianprince/game/events_e180.go:177.40,183.4 2 0
barbarianprince/game/events_e180.go:184.3,184.80 1 0
barbarianprince/game/events_e180.go:188.2,188.73 1 1
barbarianprince/game/events_e180.go:188.73,189.72 1 0
barbarianprince/game/events_e180.go:189.72,195.4 2 0
barbarianprince/game/events_e180.go:196.3,200.4 2 0
barbarianprince/game/events_e180.go:204.2,204.73 1 1
barbarianprince/game/events_e180.go:204.73,205.28 1 1
barbarianprince/game/events_e180.go:205.28,213.4 3 1
barbarianprince/game/events_e180.go:214.3,218.4 2 0
barbarianprince/game/events_e180.go:222.2,222.73 1 1
barbarianprince/game/events_e180.go:222.73,223.33 1 0
barbarianprince/game/events_e180.go:223.33,231.4 3 0
barbarianprince/game/events_e180.go:232.3,236.4 2 0
barbarianprince/game/flags.go:27.35,33.2 1 1
barbarianprince/game/hex.go:18.38,19.11 1 1
barbarianprince/game/hex.go:20.16,21.20 1 0
barbarianprince/game/hex.go:22.19,23.23 1 1
barbarianprince/game/hex.go:24.14,25.18 1 0
barbarianprince/game/hex.go:26.13,27.17 1 0
barbarianprince/game/hex.go:28.17,29.21 1 0
barbarianprince/game/hex.go:30.13,31.17 1 0
barbarianprince/game/hex.go:32.14,33.18 1 0
barbarianprince/game/hex.go:35.2,35.18 1 0
barbarianprince/game/hex.go:39.38,40.11 1 0
barbarianprince/game/hex.go:41.16,42.13 1 0
barbarianprince/game/hex.go:43.19,44.13 1 0
barbarianprince/game/hex.go:45.14,46.13 1 0
barbarianprince/game/hex.go:47.13,48.13 1 0
barbarianprince/game/hex.go:49.17,50.13 1 0
barbarianprince/game/hex.go:51.13,52.13 1 0
barbarianprince/game/hex.go:53.14,54.13 1 0
barbarianprince/game/hex.go:56.2,56.12 1 0
barbarianprince/game/hex.go:88.35,90.2 1 1
barbarianprince/game/hex.go:93.26,94.17 1 1
barbarianprince/game/hex.go:94.17,96.3 1 0
barbarianprince/game/hex.go:97.2,99.10 3 1
barbarianprince/game/hex.go:103.26,104.17 1 1
barbarianprince/game/hex.go:104.17,106.3 1 0
barbarianprince/game/hex.go:107.2,109.10 3 1
barbarianprince/game/hex.go:125.37,129.16 4 1
barbarianprince/game/hex.go:129.16,137.3 6 1
barbarianprince/game/hex.go:137.8,145.3 6 1
barbarianprince/game/hex.go:146.2,146.11 1 1
barbarianprince/game/hex.go:150.47,152.24 2 0
barbarianprince/game/hex.go:152.24,153.14 1 0
barbarianprince/game/hex.go:153.14,155.4 1 0
barbarianprince/game/hex.go:157.2,157.11 1 0
barbarianprince/game/map.go:6.13,8.2 1 1
barbarianprince/game/map.go:13.37,17.87 2 1
barbarianprince/game/map.go:17.87,25.3 2 1
barbarianprince/game/map.go:28.2,568.33 501 1
barbarianprince/game/map.go:568.33,570.15 2 1
barbarianprince/game/map.go:570.15,572.4 1 1
barbarianprince/game/map.go:572.9,572.22 1 1
barbarianprince/game/map.go:572.22,574.4 1 1
barbarianprince/game/map.go:574.9,574.23 1 1
barbarianprince/game/map.go:574.23,576.4 1 1
barbarianprince/game/map.go:577.3,577.34 1 1
barbarianprince/game/map.go:581.2,581.33 1 1
barbarianprince/game/map.go:581.33,583.15 2 1
barbarianprince/game/map.go:583.15,585.4 1 1
barbarianprince/game/map.go:585.9,585.22 1 1
barbarianprince/game/map.go:585.22,587.4 1 1
barbarianprince/game/map.go:587.9,587.23 1 1
barbarianprince/game/map.go:587.23,589.4 1 1
barbarianprince/game/map.go:590.3,590.34 1 1
barbarianprince/game/map.go:594.2,621.33 26 1
barbarianprince/game/map.go:621.33,623.15 2 1
barbarianprince/game/map.go:623.15,625.4 1 1
barbarianprince/game/map.go:625.9,625.22 1 1
barbarianprince/game/map.go:625.22,627.4 1 1
barbarianprince/game/map.go:627.9,627.23 1 1
barbarianprince/game/map.go:627.23,629.4 1 1
barbarianprince/game/map.go:630.3,630.34 1 1
barbarianprince/game/map.go:634.2,649.10 13 1
barbarianprince/game/map.go:653.28,655.2 1 1
barbarianprince/game/map.go:658.29,661.2 2 1
barbarianprince/game/map.go:664.38,667.23 3 1
barbarianprince/game/map.go:667.23,668.17 1 1
barbarianprince/game/map.go:668.17,670.4 1 1
barbarianprince/game/map.go:672.2,672.15 1 1
barbarianprince/game/map.go:680.38,682.2 1 1
barbarianprince/game/map.go:685.50,687.2 1 0
barbarianprince/game/map.go:690.35,696.2 1 1
barbarianprince/game/map.go:699.30,701.2 1 1
barbarianprince/game/save.go:20.33,22.16 2 1
barbarianprince/game/save.go:22.16,24.3 1 0
barbarianprince/game/save.go:25.2,26.47 2 1
barbarianprince/game/save.go:26.47,28.3 1 0
barbarianprince/game/save.go:29.2,29.45 1 1
barbarianprince/game/save.go:33.24,35.16 2 1
barbarianprince/game/save.go:35.16,37.3 1 0
barbarianprince/game/save.go:38.2,39.19 2 1
barbarianprince/game/save.go:44.31,46.28 1 1
barbarianprince/game/save.go:46.28,48.3 1 1
barbarianprince/game/save.go:49.2,49.31 1 1
barbarianprince/game/save.go:49.31,51.3 1 1
barbarianprince/game/save.go:53.2,54.16 2 1
barbarianprince/game/save.go:54.16,56.3 1 0
barbarianprince/game/save.go:58.2,60.16 3 1
barbarianprince/game/save.go:60.16,62.3 1 0
barbarianprince/game/save.go:65.2,66.54 2 1
barbarianprince/game/save.go:66.54,68.3 1 0
barbarianprince/game/save.go:69.2,69.45 1 1
barbarianprince/game/save.go:69.45,71.3 1 0
barbarianprince/game/save.go:72.2,72.12 1 1
barbarianprince/game/save.go:76.33,78.16 2 1
barbarianprince/game/save.go:78.16,80.3 1 0
barbarianprince/game/save.go:82.2,83.16 2 1
barbarianprince/game/save.go:83.16,85.3 1 1
barbarianprince/game/save.go:87.2,88.50 2 1
barbarianprince/game/save.go:88.50,90.3 1 0
barbarianprince/game/save.go:91.2,91.31 1 1
barbarianprince/game/save.go:91.31,93.3 1 0
barbarianprince/game/save.go:94.2,94.21 1 1
barbarianprince/game/save.go:94.21,96.3 1 0
barbarianprince/game/save.go:99.2,99.30 1 1
barbarianprince/game/save.go:99.30,101.3 1 0
barbarianprince/game/save.go:102.2,102.34 1 1
barbarianprince/game/save.go:102.34,104.3 1 0
barbarianprince/game/save.go:105.2,105.36 1 1
barbarianprince/game/save.go:105.36,107.3 1 0
barbarianprince/game/save.go:108.2,108.39 1 1
barbarianprince/game/save.go:108.39,110.3 1 0
barbarianprince/game/save.go:111.2,111.47 1 1
barbarianprince/game/save.go:111.47,113.3 1 0
barbarianprince/game/save.go:114.2,114.39 1 1
barbarianprince/game/save.go:114.39,116.3 1 0
barbarianprince/game/save.go:117.2,117.40 1 1
barbarianprince/game/save.go:117.40,118.39 1 0
barbarianprince/game/save.go:118.39,120.4 1 0
barbarianprince/game/save.go:124.2,129.22 5 1
barbarianprince/game/save.go:133.25,135.16 2 0
barbarianprince/game/save.go:135.16,137.3 1 0
barbarianprince/game/save.go:138.2,139.36 2 0
barbarianprince/game/save.go:139.36,141.3 1 0
barbarianprince/game/save.go:142.2,142.12 1 0
barbarianprince/game/state.go:59.32,80.2 7 1
barbarianprince/game/state.go:83.40,85.2 1 1
barbarianprince/game/state.go:88.53,89.27 1 1
barbarianprince/game/state.go:89.27,93.3 1 1
barbarianprince/game/state.go:94.2,94.23 1 1
barbarianprince/game/state.go:98.37,100.2 1 1
barbarianprince/game/state.go:103.39,105.23 2 1
barbarianprince/game/state.go:105.23,107.3 1 1
barbarianprince/game/state.go:108.2,108.28 1 1
barbarianprince/game/state.go:108.28,109.17 1 1
barbarianprince/game/state.go:109.17,111.4 1 0
barbarianprince/game/state.go:113.2,113.14 1 1
barbarianprince/game/state.go:117.43,121.2 3 1
barbarianprince/game/state.go:124.49,126.16 2 1
barbarianprince/game/state.go:126.16,128.3 1 0
barbarianprince/game/state.go:130.2,134.24 4 1
barbarianprince/game/state.go:134.24,138.67 4 1
barbarianprince/game/state.go:138.67,139.47 1 1
barbarianprince/game/state.go:139.47,141.5 1 1
barbarianprince/game/state.go:143.3,143.36 1 1
barbarianprince/game/state.go:143.36,145.4 1 0
barbarianprince/game/state.go:148.2,148.19 1 1
barbarianprince/game/state.go:148.19,149.44 1 1
barbarianprince/game/state.go:149.44,151.4 1 1
barbarianprince/game/state.go:154.2,154.16 1 1
barbarianprince/game/state.go:172.33,173.11 1 0
barbarianprince/game/state.go:174.20,175.20 1 0
barbarianprince/game/state.go:176.18,177.18 1 0
barbarianprince/game/state.go:178.22,179.18 1 0
barbarianprince/game/state.go:180.27,181.28 1 0
barbarianprince/game/state.go:182.21,183.22 1 0
barbarianprince/game/state.go:184.26,185.22 1 0
barbarianprince/game/state.go:186.28,187.22 1 0
barbarianprince/game/state.go:188.25,189.26 1 0
barbarianprince/game/state.go:190.25,191.19 1 0
barbarianprince/game/state.go:193.2,193.18 1 0
barbarianprince/game/state.go:197.36,198.11 1 0
barbarianprince/game/state.go:199.20,200.13 1 0
barbarianprince/game/state.go:201.18,202.13 1 0
barbarianprince/game/state.go:203.22,204.13 1 0
barbarianprince/game/state.go:205.27,206.13 1 0
barbarianprince/game/state.go:207.21,208.13 1 0
barbarianprince/game/state.go:209.26,210.13 1 0
barbarianprince/game/state.go:211.28,212.13 1 0
barbarianprince/game/state.go:213.25,214.13 1 0
barbarianprince/game/state.go:215.25,216.13 1 0
barbarianprince/game/state.go:218.2,218.11 1 0
barbarianprince/game/state.go:222.54,224.53 1 1
barbarianprince/game/state.go:224.53,226.3 1 1
barbarianprince/game/state.go:228.2,228.43 1 1
barbarianprince/game/state.go:228.43,229.72 1 0
barbarianprince/game/state.go:229.72,231.4 1 0
barbarianprince/game/state.go:234.2,234.30 1 1
barbarianprince/game/state.go:234.30,235.37 1 0
barbarianprince/game/state.go:235.37,237.4 1 0
barbarianprince/game/state.go:240.2,240.82 1 1
barbarianprince/game/state.go:240.82,242.3 1 0
barbarianprince/game/state.go:243.2,243.18 1 1
barbarianprince/game/state.go:247.55,248.23 1 1
barbarianprince/game/state.go:248.23,250.3 1 1
barbarianprince/game/state.go:251.2,251.16 1 1
barbarianprince/game/state.go:251.16,253.3 1 1
barbarianprince/game/state.go:254.2,254.18 1 1
barbarianprince/game/state.go:258.31,261.27 2 1
barbarianprince/game/state.go:261.27,265.26 3 1
barbarianprince/game/state.go:265.26,267.4 1 1
barbarianprince/game/state.go:268.8,274.35 5 1
barbarianprince/game/state.go:274.35,277.4 2 1
barbarianprince/game/state.go:278.3,278.26 1 1
barbarianprince/game/state.go:278.26,280.4 1 0
barbarianprince/game/state.go:284.2,286.28 3 1
barbarianprince/game/state.go:286.28,289.27 2 1
barbarianprince/game/state.go:289.27,290.22 1 0
barbarianprince/game/state.go:290.22,293.5 2 0
barbarianprince/game/state.go:296.2,296.44 1 1
barbarianprince/game/state.go:296.44,298.3 1 1
barbarianprince/game/state.go:301.2,301.43 1 1
barbarianprince/game/state.go:301.43,304.3 2 0
barbarianprince/game/state.go:307.2,307.72 1 1
barbarianprince/game/state.go:307.72,309.29 2 1
barbarianprince/game/state.go:309.29,310.19 1 1
barbarianprince/game/state.go:310.19,312.5 1 0
barbarianprince/game/state.go:312.10,314.5 1 1
barbarianprince/game/state.go:316.3,316.22 1 1
barbarianprince/game/state.go:320.2,322.21 3 1
barbarianprince/game/state.go:322.21,325.3 2 1
barbarianprince/game/state.go:327.2,330.47 2 1
barbarianprince/game/state.go:330.47,334.3 3 0
barbarianprince/game/state.go:335.2,335.50 1 1
barbarianprince/game/state.go:335.50,339.3 3 0
barbarianprince/game/state.go:343.37,344.28 1 1
barbarianprince/game/state.go:344.28,345.16 1 1
barbarianprince/game/state.go:345.16,347.4 1 1
barbarianprince/game/state.go:349.2,349.14 1 1
barbarianprince/game/state.go:353.44,355.28 2 0
barbarianprince/game/state.go:355.28,357.3 1 0
barbarianprince/game/state.go:358.2,358.11 1 0
barbarianprince/game/state.go:362.46,364.2 1 1
barbarianprince/game/state.go:367.54,368.28 1 1
barbarianprince/game/state.go:368.28,369.21 1 1
barbarianprince/game/state.go:369.21,372.4 2 1
barbarianprince/game/state.go:374.2,374.14 1 1
barbarianprince/game/state.go:378.41,383.2 1 0
barbarianprince/game/tables.go:116.60,118.9 2 1
barbarianprince/game/tables.go:118.9,120.3 1 0
barbarianprince/game/tables.go:121.2,122.13 2 1
barbarianprince/game/tables.go:122.13,124.3 1 0
barbarianprince/game/tables.go:125.2,125.13 1 1
barbarianprince/game/tables.go:125.13,127.3 1 0
barbarianprince/game/tables.go:128.2,128.19 1 1
barbarianprince/game/tables.go:156.36,157.18 1 1
barbarianprince/game/tables.go:157.18,159.3 1 1
barbarianprince/game/tables.go:160.2,160.18 1 1
barbarianprince/game/tables.go:160.18,162.3 1 1
barbarianprince/game/tables.go:163.2,164.9 2 1
barbarianprince/game/tables.go:164.9,166.3 1 1
barbarianprince/game/tables.go:167.2,167.10 1 1
barbarianprince/game/tables.go:182.48,184.9 2 1
barbarianprince/game/tables.go:184.9,186.3 1 0
barbarianprince/game/tables.go:187.2,188.13 2 1
barbarianprince/game/tables.go:188.13,190.3 1 0
barbarianprince/game/tables.go:191.2,191.13 1 1
barbarianprince/game/tables.go:191.13,193.3 1 0
barbarianprince/game/tables.go:194.2,194.19 1 1
barbarianprince/game/tables.go:199.59,203.23 3 1
barbarianprince/game/tables.go:203.23,215.3 3 1
barbarianprince/game/tables.go:216.2,216.17 1 0
barbarianprince/game/tables.go:225.44,227.13 2 1
barbarianprince/game/tables.go:227.13,229.3 1 1
barbarianprince/game/tables.go:230.2,230.13 1 1
barbarianprince/game/tables.go:230.13,232.3 1 1
barbarianprince/game/tables.go:233.2,233.30 1 1
barbarianprince/game/tables.go:241.43,243.13 2 1
barbarianprince/game/tables.go:243.13,245.3 1 1
barbarianprince/game/tables.go:246.2,246.13 1 1
barbarianprince/game/tables.go:246.13,248.3 1 1
barbarianprince/game/tables.go:249.2,249.27 1 1
barbarianprince/game/tables.go:257.47,259.13 2 1
barbarianprince/game/tables.go:259.13,261.3 1 1
barbarianprince/game/tables.go:262.2,262.13 1 1
barbarianprince/game/tables.go:262.13,264.3 1 1
barbarianprince/game/tables.go:265.2,265.32 1 1
barbarianprince/game/tables.go:273.47,275.13 2 1
barbarianprince/game/tables.go:275.13,277.3 1 1
barbarianprince/game/tables.go:278.2,278.13 1 1
barbarianprince/game/tables.go:278.13,280.3 1 1
barbarianprince/game/tables.go:281.2,281.31 1 1
barbarianprince/game/tables.go:289.47,291.13 2 1
barbarianprince/game/tables.go:291.13,293.3 1 1
barbarianprince/game/tables.go:294.2,294.13 1 1
barbarianprince/game/tables.go:294.13,296.3 1 1
barbarianprince/game/tables.go:297.2,297.31 1 1
barbarianprince/game/travel.go:6.67,8.9 2 1
barbarianprince/game/travel.go:8.9,10.3 1 0
barbarianprince/game/travel.go:11.2,12.20 2 1
barbarianprince/game/travel.go:12.20,14.3 1 1
barbarianprince/game/travel.go:15.2,15.14 1 1
barbarianprince/game/travel.go:15.14,17.3 1 1
barbarianprince/game/travel.go:18.2,18.29 1 1
barbarianprince/game/travel.go:22.63,24.9 2 1
barbarianprince/game/travel.go:24.9,26.3 1 0
barbarianprince/game/travel.go:27.2,27.40 1 1
barbarianprince/game/travel.go:31.86,33.9 2 1
barbarianprince/game/travel.go:33.9,35.3 1 0
barbarianprince/game/travel.go:36.2,37.13 2 1
barbarianprince/game/travel.go:37.13,39.3 1 0
barbarianprince/game/travel.go:40.2,40.13 1 1
barbarianprince/game/travel.go:40.13,42.3 1 0
barbarianprince/game/travel.go:43.2,44.49 2 1
barbarianprince/game/travel.go:58.59,63.20 3 1
barbarianprince/game/travel.go:63.20,66.3 2 0
barbarianprince/game/travel.go:69.2,71.30 3 1
barbarianprince/game/travel.go:71.30,72.21 1 1
barbarianprince/game/travel.go:72.21,74.9 2 1
barbarianprince/game/travel.go:77.2,77.17 1 1
barbarianprince/game/travel.go:77.17,80.3 2 1
barbarianprince/game/travel.go:82.2,83.19 2 1
barbarianprince/game/travel.go:83.19,86.3 2 0
barbarianprince/game/travel.go:88.2,93.52 3 1
barbarianprince/game/travel.go:93.52,97.25 3 0
barbarianprince/game/travel.go:97.25,104.4 5 0
barbarianprince/game/travel.go:105.8,111.3 4 1
barbarianprince/game/travel.go:114.2,115.22 2 1
barbarianprince/game/travel.go:115.22,117.54 2 1
barbarianprince/game/travel.go:117.54,122.4 4 1
barbarianprince/game/travel.go:125.2,125.15 1 1
barbarianprince/game/travel.go:129.38,131.16 2 1
barbarianprince/game/travel.go:131.16,133.3 1 0
barbarianprince/game/travel.go:134.2,134.20 1 1
barbarianprince/game/travel.go:134.20,136.3 1 0
barbarianprince/game/travel.go:137.2,137.55 1 1
barbarianprince/game/travel.go:141.36,151.38 6 0
barbarianprince/game/travel.go:151.38,154.3 2 0
barbarianprince/game/travel.go:156.2,156.13 1 0
